14:48:41.414 [main] INFO  testCases.LoginDataDrivenTest - ****Starting Data Driven Test*****
14:48:45.233 [main] INFO  testCases.LoginDataDrivenTest - Finished Data Driven Test
14:48:45.239 [main] INFO  testCases.LoginDataDrivenTest - ****Starting Data Driven Test*****
14:51:30.168 [main] INFO  testCases.LoginDataDrivenTest - ****Starting Data Driven Test*****
14:51:31.716 [main] INFO  testCases.LoginDataDrivenTest - Finished Data Driven Test
14:51:31.730 [main] INFO  testCases.LoginDataDrivenTest - ****Starting Data Driven Test*****
14:51:32.868 [main] INFO  testCases.LoginDataDrivenTest - Finished Data Driven Test
14:51:32.881 [main] INFO  testCases.LoginDataDrivenTest - ****Starting Data Driven Test*****
14:51:43.407 [main] INFO  testCases.LoginDataDrivenTest - Finished Data Driven Test
14:51:43.411 [main] INFO  testCases.LoginDataDrivenTest - ****Starting Data Driven Test*****
14:51:54.750 [main] INFO  testCases.LoginDataDrivenTest - Finished Data Driven Test
14:51:54.752 [main] INFO  testCases.LoginDataDrivenTest - ****Starting Data Driven Test*****
14:52:05.434 [main] INFO  testCases.LoginDataDrivenTest - Finished Data Driven Test
14:52:05.441 [main] INFO  testCases.LoginDataDrivenTest - ****Starting Data Driven Test*****
14:52:15.930 [main] INFO  testCases.LoginDataDrivenTest - Finished Data Driven Test
14:52:15.934 [main] INFO  testCases.LoginDataDrivenTest - ****Starting Data Driven Test*****
14:52:26.384 [main] INFO  testCases.LoginDataDrivenTest - Finished Data Driven Test
14:52:26.388 [main] INFO  testCases.LoginDataDrivenTest - ****Starting Data Driven Test*****
14:52:36.850 [main] INFO  testCases.LoginDataDrivenTest - Finished Data Driven Test
14:52:36.853 [main] INFO  testCases.LoginDataDrivenTest - ****Starting Data Driven Test*****
14:52:37.803 [main] INFO  testCases.LoginDataDrivenTest - Finished Data Driven Test
14:52:37.809 [main] INFO  testCases.LoginDataDrivenTest - ****Starting Data Driven Test*****
15:12:38.754 [main] INFO  testCases.LoginDataDrivenTest - ****Starting Data Driven Test*****
15:12:44.342 [main] INFO  testCases.LoginDataDrivenTest - Finished Data Driven Test
15:12:44.409 [main] INFO  testCases.LoginDataDrivenTest - ****Starting Data Driven Test*****
15:12:47.629 [main] INFO  testCases.LoginDataDrivenTest - Finished Data Driven Test
15:12:47.634 [main] INFO  testCases.LoginDataDrivenTest - ****Starting Data Driven Test*****
15:12:58.356 [main] INFO  testCases.LoginDataDrivenTest - Finished Data Driven Test
15:12:58.358 [main] INFO  testCases.LoginDataDrivenTest - ****Starting Data Driven Test*****
15:13:08.929 [main] INFO  testCases.LoginDataDrivenTest - Finished Data Driven Test
15:13:08.937 [main] INFO  testCases.LoginDataDrivenTest - ****Starting Data Driven Test*****
15:13:19.605 [main] INFO  testCases.LoginDataDrivenTest - Finished Data Driven Test
15:13:19.612 [main] INFO  testCases.LoginDataDrivenTest - ****Starting Data Driven Test*****
15:13:24.813 [main] INFO  testCases.LoginDataDrivenTest - Finished Data Driven Test
15:13:24.843 [main] INFO  testCases.LoginDataDrivenTest - ****Starting Data Driven Test*****
15:27:52.176 [main] INFO  testCases.LoginDataDrivenTest - ****Starting Data Driven Test*****
15:27:57.757 [main] INFO  testCases.LoginDataDrivenTest - Finished Data Driven Test
15:27:57.945 [main] INFO  testCases.LoginDataDrivenTest - ****Starting Data Driven Test*****
15:27:59.434 [main] INFO  testCases.LoginDataDrivenTest - Finished Data Driven Test
15:27:59.439 [main] INFO  testCases.LoginDataDrivenTest - ****Starting Data Driven Test*****
15:28:10.038 [main] INFO  testCases.LoginDataDrivenTest - Finished Data Driven Test
15:28:10.045 [main] INFO  testCases.LoginDataDrivenTest - ****Starting Data Driven Test*****
15:28:20.659 [main] INFO  testCases.LoginDataDrivenTest - Finished Data Driven Test
15:28:20.667 [main] INFO  testCases.LoginDataDrivenTest - ****Starting Data Driven Test*****
15:28:31.157 [main] INFO  testCases.LoginDataDrivenTest - Finished Data Driven Test
15:28:31.163 [main] INFO  testCases.LoginDataDrivenTest - ****Starting Data Driven Test*****
15:28:35.913 [main] INFO  testCases.LoginDataDrivenTest - Finished Data Driven Test
15:28:35.922 [main] INFO  testCases.LoginDataDrivenTest - ****Starting Data Driven Test*****
15:31:24.706 [main] INFO  testCases.LoginDataDrivenTest - ****Starting Data Driven Test*****
15:31:28.492 [main] INFO  testCases.LoginDataDrivenTest - Finished Data Driven Test
15:31:28.588 [main] INFO  testCases.LoginDataDrivenTest - ****Starting Data Driven Test*****
15:31:30.038 [main] INFO  testCases.LoginDataDrivenTest - Finished Data Driven Test
15:31:30.044 [main] INFO  testCases.LoginDataDrivenTest - ****Starting Data Driven Test*****
15:31:40.696 [main] INFO  testCases.LoginDataDrivenTest - Finished Data Driven Test
15:31:40.699 [main] INFO  testCases.LoginDataDrivenTest - ****Starting Data Driven Test*****
15:31:51.253 [main] INFO  testCases.LoginDataDrivenTest - Finished Data Driven Test
15:31:51.261 [main] INFO  testCases.LoginDataDrivenTest - ****Starting Data Driven Test*****
15:32:01.991 [main] INFO  testCases.LoginDataDrivenTest - Finished Data Driven Test
15:32:01.993 [main] INFO  testCases.LoginDataDrivenTest - ****Starting Data Driven Test*****
15:32:12.429 [main] INFO  testCases.LoginDataDrivenTest - Finished Data Driven Test
15:32:12.432 [main] INFO  testCases.LoginDataDrivenTest - ****Starting Data Driven Test*****
15:32:22.930 [main] INFO  testCases.LoginDataDrivenTest - Finished Data Driven Test
15:32:22.933 [main] INFO  testCases.LoginDataDrivenTest - ****Starting Data Driven Test*****
15:32:27.733 [main] INFO  testCases.LoginDataDrivenTest - Finished Data Driven Test
15:32:27.742 [main] INFO  testCases.LoginDataDrivenTest - ****Starting Data Driven Test*****
16:13:02.582 [main] INFO  testCases.LoginDataDrivenTest - ****Starting Data Driven Test*****
16:13:07.281 [main] INFO  testCases.LoginDataDrivenTest - Finished Data Driven Test
16:13:07.314 [main] INFO  testCases.LoginDataDrivenTest - ****Starting Data Driven Test*****
16:13:08.977 [main] INFO  testCases.LoginDataDrivenTest - Finished Data Driven Test
16:13:08.981 [main] INFO  testCases.LoginDataDrivenTest - ****Starting Data Driven Test*****
16:13:20.049 [main] INFO  testCases.LoginDataDrivenTest - Finished Data Driven Test
16:13:20.055 [main] INFO  testCases.LoginDataDrivenTest - ****Starting Data Driven Test*****
16:13:30.670 [main] INFO  testCases.LoginDataDrivenTest - Finished Data Driven Test
16:13:30.674 [main] INFO  testCases.LoginDataDrivenTest - ****Starting Data Driven Test*****
16:13:41.370 [main] INFO  testCases.LoginDataDrivenTest - Finished Data Driven Test
16:13:41.376 [main] INFO  testCases.LoginDataDrivenTest - ****Starting Data Driven Test*****
16:13:47.417 [main] INFO  testCases.LoginDataDrivenTest - Finished Data Driven Test
16:13:47.432 [main] INFO  testCases.LoginDataDrivenTest - ****Starting Data Driven Test*****
16:24:13.449 [main] INFO  testCases.TC_001_AccRegistrationTest - *****  Staring TC_001_AccRegTest  *****
16:24:13.515 [main] INFO  testCases.TC_001_AccRegistrationTest - Clicked on MyAccount
16:24:13.681 [main] INFO  testCases.TC_001_AccRegistrationTest - Clicked on Register
16:24:16.330 [main] INFO  testCases.TC_001_AccRegistrationTest - Providing Customer Data
16:24:16.946 [main] INFO  testCases.TC_001_AccRegistrationTest - Clicked On Continue
16:24:18.758 [main] INFO  testCases.TC_001_AccRegistrationTest - Validating the Expected Message
16:24:18.760 [main] INFO  testCases.TC_001_AccRegistrationTest - Finished TC_001_AccRegTest
16:24:22.371 [main] INFO  testCases.TC_002_LoginTest - ***** Starting TC_002_Login_Test******
16:24:24.377 [main] INFO  testCases.TC_002_LoginTest - Finished TC_002_Login_Test
16:28:27.448 [main] INFO  testCases.TC_002_LoginTest - ***** Starting TC_002_Login_Test******
16:28:28.784 [main] INFO  testCases.TC_002_LoginTest - Finished TC_002_Login_Test
16:34:40.807 [main] INFO  testCases.TC_002_LoginTest - ***** Starting TC_002_Login_Test******
16:34:42.066 [main] INFO  testCases.TC_002_LoginTest - Finished TC_002_Login_Test
18:12:07.715 [main] INFO  testCases.TC_001_AccRegistrationTest - *****  Staring TC_001_AccRegTest  *****
18:12:07.805 [main] INFO  testCases.TC_001_AccRegistrationTest - Clicked on MyAccount
18:12:07.850 [main] INFO  testCases.TC_001_AccRegistrationTest - Clicked on Register
18:12:09.074 [main] INFO  testCases.TC_001_AccRegistrationTest - Providing Customer Data
18:12:09.696 [main] INFO  testCases.TC_001_AccRegistrationTest - Clicked On Continue
18:12:12.737 [main] INFO  testCases.TC_001_AccRegistrationTest - Validating the Expected Message
18:12:12.741 [main] INFO  testCases.TC_001_AccRegistrationTest - Finished TC_001_AccRegTest
18:12:17.403 [main] INFO  testCases.TC_002_LoginTest - ***** Starting TC_002_Login_Test******
18:12:19.213 [main] INFO  testCases.TC_002_LoginTest - Finished TC_002_Login_Test
18:43:41.862 [main] INFO  testCases.TC_001_AccRegistrationTest - *****  Staring TC_001_AccRegTest  *****
18:43:41.895 [main] INFO  testCases.TC_001_AccRegistrationTest - Clicked on MyAccount
18:43:41.951 [main] INFO  testCases.TC_001_AccRegistrationTest - Clicked on Register
18:43:42.370 [main] INFO  testCases.TC_001_AccRegistrationTest - Providing Customer Data
18:43:42.780 [main] INFO  testCases.TC_001_AccRegistrationTest - Clicked On Continue
18:43:43.579 [main] INFO  testCases.TC_001_AccRegistrationTest - Validating the Expected Message
18:43:43.582 [main] INFO  testCases.TC_001_AccRegistrationTest - Finished TC_001_AccRegTest
18:43:48.507 [main] INFO  testCases.TC_002_LoginTest - ***** Starting TC_002_Login_Test******
18:43:49.800 [main] INFO  testCases.TC_002_LoginTest - Finished TC_002_Login_Test
18:52:08.363 [main] INFO  testCases.TC_001_AccRegistrationTest - *****  Staring TC_001_AccRegTest  *****
18:52:08.409 [main] INFO  testCases.TC_001_AccRegistrationTest - Clicked on MyAccount
18:52:08.478 [main] INFO  testCases.TC_001_AccRegistrationTest - Clicked on Register
18:52:08.895 [main] INFO  testCases.TC_001_AccRegistrationTest - Providing Customer Data
18:52:09.331 [main] INFO  testCases.TC_001_AccRegistrationTest - Clicked On Continue
18:52:09.986 [main] INFO  testCases.TC_001_AccRegistrationTest - Validating the Expected Message
18:52:09.989 [main] INFO  testCases.TC_001_AccRegistrationTest - Finished TC_001_AccRegTest
18:52:12.213 [main] INFO  testCases.TC_002_LoginTest - ***** Starting TC_002_Login_Test******
18:52:13.540 [main] INFO  testCases.TC_002_LoginTest - Finished TC_002_Login_Test
18:54:19.212 [main] INFO  testCases.TC_001_AccRegistrationTest - *****  Staring TC_001_AccRegTest  *****
18:54:19.245 [main] INFO  testCases.TC_001_AccRegistrationTest - Clicked on MyAccount
18:54:19.307 [main] INFO  testCases.TC_001_AccRegistrationTest - Clicked on Register
18:54:19.779 [main] INFO  testCases.TC_001_AccRegistrationTest - Providing Customer Data
18:54:20.161 [main] INFO  testCases.TC_001_AccRegistrationTest - Clicked On Continue
18:54:20.917 [main] INFO  testCases.TC_001_AccRegistrationTest - Validating the Expected Message
18:54:20.921 [main] INFO  testCases.TC_001_AccRegistrationTest - Finished TC_001_AccRegTest
18:54:23.557 [main] INFO  testCases.TC_002_LoginTest - ***** Starting TC_002_Login_Test******
18:54:24.905 [main] INFO  testCases.TC_002_LoginTest - Finished TC_002_Login_Test
11:56:23.624 [main] INFO  testCases.TC_001_AccRegistrationTest - *****  Staring TC_001_AccRegTest  *****
11:56:23.715 [main] INFO  testCases.TC_001_AccRegistrationTest - Clicked on MyAccount
11:56:23.988 [main] INFO  testCases.TC_001_AccRegistrationTest - Clicked on Register
11:56:25.767 [main] INFO  testCases.TC_001_AccRegistrationTest - Providing Customer Data
11:56:26.336 [main] INFO  testCases.TC_001_AccRegistrationTest - Clicked On Continue
11:56:28.365 [main] INFO  testCases.TC_001_AccRegistrationTest - Validating the Expected Message
11:56:28.367 [main] INFO  testCases.TC_001_AccRegistrationTest - Finished TC_001_AccRegTest
11:56:32.368 [main] INFO  testCases.TC_002_LoginTest - ***** Starting TC_002_Login_Test******
11:56:34.071 [main] INFO  testCases.TC_002_LoginTest - Finished TC_002_Login_Test
12:11:39.770 [main] INFO  testCases.TC_001_AccRegistrationTest - *****  Staring TC_001_AccRegTest  *****
12:11:39.805 [main] INFO  testCases.TC_001_AccRegistrationTest - Clicked on MyAccount
12:11:39.866 [main] INFO  testCases.TC_001_AccRegistrationTest - Clicked on Register
12:11:40.651 [main] INFO  testCases.TC_001_AccRegistrationTest - Providing Customer Data
12:11:40.989 [main] INFO  testCases.TC_001_AccRegistrationTest - Clicked On Continue
12:11:41.679 [main] INFO  testCases.TC_001_AccRegistrationTest - Validating the Expected Message
12:11:41.681 [main] INFO  testCases.TC_001_AccRegistrationTest - Finished TC_001_AccRegTest
12:11:45.592 [main] INFO  testCases.TC_002_LoginTest - ***** Starting TC_002_Login_Test******
12:11:46.894 [main] INFO  testCases.TC_002_LoginTest - Finished TC_002_Login_Test
13:51:53.893 [main] INFO  testCases.TC_001_AccRegistrationTest - *****  Staring TC_001_AccRegTest  *****
13:51:54.013 [main] INFO  testCases.TC_001_AccRegistrationTest - Clicked on MyAccount
13:51:54.205 [main] INFO  testCases.TC_001_AccRegistrationTest - Clicked on Register
13:51:58.791 [main] INFO  testCases.TC_001_AccRegistrationTest - Providing Customer Data
13:51:59.544 [main] INFO  testCases.TC_001_AccRegistrationTest - Clicked On Continue
13:52:09.206 [main] INFO  testCases.TC_001_AccRegistrationTest - Validating the Expected Message
13:52:09.230 [main] INFO  testCases.TC_001_AccRegistrationTest - Finished TC_001_AccRegTest
13:52:24.618 [main] INFO  testCases.TC_002_LoginTest - ***** Starting TC_002_Login_Test******
13:52:26.909 [main] INFO  testCases.TC_002_LoginTest - Finished TC_002_Login_Test
13:55:26.283 [main] INFO  testCases.TC_001_AccRegistrationTest - *****  Staring TC_001_AccRegTest  *****
13:55:26.323 [main] INFO  testCases.TC_001_AccRegistrationTest - Clicked on MyAccount
13:55:26.379 [main] INFO  testCases.TC_001_AccRegistrationTest - Clicked on Register
13:55:26.912 [main] INFO  testCases.TC_001_AccRegistrationTest - Providing Customer Data
13:55:27.281 [main] INFO  testCases.TC_001_AccRegistrationTest - Clicked On Continue
13:55:29.849 [main] INFO  testCases.TC_001_AccRegistrationTest - Validating the Expected Message
13:55:29.851 [main] INFO  testCases.TC_001_AccRegistrationTest - Finished TC_001_AccRegTest
13:55:35.858 [main] INFO  testCases.TC_002_LoginTest - ***** Starting TC_002_Login_Test******
13:55:37.284 [main] INFO  testCases.TC_002_LoginTest - Finished TC_002_Login_Test
13:56:05.449 [main] INFO  testCases.TC_001_AccRegistrationTest - *****  Staring TC_001_AccRegTest  *****
13:56:05.486 [main] INFO  testCases.TC_001_AccRegistrationTest - Clicked on MyAccount
13:56:05.540 [main] INFO  testCases.TC_001_AccRegistrationTest - Clicked on Register
13:56:06.077 [main] INFO  testCases.TC_001_AccRegistrationTest - Providing Customer Data
13:56:06.415 [main] INFO  testCases.TC_001_AccRegistrationTest - Clicked On Continue
13:56:07.342 [main] INFO  testCases.TC_001_AccRegistrationTest - Validating the Expected Message
13:56:07.344 [main] INFO  testCases.TC_001_AccRegistrationTest - Finished TC_001_AccRegTest
13:56:12.964 [main] INFO  testCases.TC_002_LoginTest - ***** Starting TC_002_Login_Test******
13:56:14.307 [main] INFO  testCases.TC_002_LoginTest - Finished TC_002_Login_Test
16:01:30.700 [main] INFO  testCases.TC_001_AccRegistrationTest - *****  Staring TC_001_AccRegTest  *****
16:01:30.753 [main] INFO  testCases.TC_001_AccRegistrationTest - Clicked on MyAccount
16:01:30.810 [main] INFO  testCases.TC_001_AccRegistrationTest - Clicked on Register
16:01:31.569 [main] INFO  testCases.TC_001_AccRegistrationTest - Providing Customer Data
16:01:31.941 [main] INFO  testCases.TC_001_AccRegistrationTest - Clicked On Continue
16:01:32.840 [main] INFO  testCases.TC_001_AccRegistrationTest - Validating the Expected Message
16:01:32.843 [main] INFO  testCases.TC_001_AccRegistrationTest - Finished TC_001_AccRegTest
16:01:37.536 [main] INFO  testCases.TC_002_LoginTest - ***** Starting TC_002_Login_Test******
16:01:38.902 [main] INFO  testCases.TC_002_LoginTest - Finished TC_002_Login_Test
16:06:15.337 [main] INFO  testCases.TC_001_AccRegistrationTest - *****  Staring TC_001_AccRegTest  *****
16:06:15.377 [main] INFO  testCases.TC_001_AccRegistrationTest - Clicked on MyAccount
16:06:15.460 [main] INFO  testCases.TC_001_AccRegistrationTest - Clicked on Register
16:06:16.220 [main] INFO  testCases.TC_001_AccRegistrationTest - Providing Customer Data
16:06:16.596 [main] INFO  testCases.TC_001_AccRegistrationTest - Clicked On Continue
16:06:17.447 [main] INFO  testCases.TC_001_AccRegistrationTest - Validating the Expected Message
16:06:17.450 [main] INFO  testCases.TC_001_AccRegistrationTest - Finished TC_001_AccRegTest
16:06:21.467 [main] INFO  testCases.TC_002_LoginTest - ***** Starting TC_002_Login_Test******
16:06:22.936 [main] INFO  testCases.TC_002_LoginTest - Finished TC_002_Login_Test
