15:36:24.743 [main] INFO  testCases.TC_001_AccRegistrationTest - *****  Staring TC_001_AccRegTest  *****
15:36:24.794 [main] INFO  testCases.TC_001_AccRegistrationTest - Clicked on MyAccount
15:36:24.830 [main] INFO  testCases.TC_001_AccRegistrationTest - Clicked on Register
15:36:25.385 [main] INFO  testCases.TC_001_AccRegistrationTest - Providing Customer Data
15:36:25.758 [main] INFO  testCases.TC_001_AccRegistrationTest - Clicked On Continue
15:36:26.528 [main] INFO  testCases.TC_001_AccRegistrationTest - Validating the Expected Message
15:36:26.530 [main] INFO  testCases.TC_001_AccRegistrationTest - Finished TC_001_AccRegTest
17:30:26.089 [main] INFO  testCases.TC_001_AccRegistrationTest - *****  Staring TC_001_AccRegTest  *****
17:30:26.155 [main] INFO  testCases.TC_001_AccRegistrationTest - Clicked on MyAccount
17:30:26.200 [main] INFO  testCases.TC_001_AccRegistrationTest - Clicked on Register
17:30:27.079 [main] INFO  testCases.TC_001_AccRegistrationTest - Providing Customer Data
17:30:27.560 [main] INFO  testCases.TC_001_AccRegistrationTest - Clicked On Continue
17:30:28.563 [main] INFO  testCases.TC_001_AccRegistrationTest - Validating the Expected Message
17:30:28.565 [main] INFO  testCases.TC_001_AccRegistrationTest - Finished TC_001_AccRegTest
17:49:20.370 [main] INFO  testCases.TC_001_AccRegistrationTest - *****  Staring TC_001_AccRegTest  *****
17:49:20.387 [main] INFO  testCases.TC_001_AccRegistrationTest - Clicked on MyAccount
17:49:20.431 [main] INFO  testCases.TC_001_AccRegistrationTest - Clicked on Register
17:49:20.810 [main] INFO  testCases.TC_001_AccRegistrationTest - Providing Customer Data
17:49:21.172 [main] INFO  testCases.TC_001_AccRegistrationTest - Clicked On Continue
17:49:22.269 [main] INFO  testCases.TC_001_AccRegistrationTest - Validating the Expected Message
17:49:22.273 [main] INFO  testCases.TC_001_AccRegistrationTest - Finished TC_001_AccRegTest
17:57:20.956 [main] INFO  testCases.TC_001_AccRegistrationTest - *****  Staring TC_001_AccRegTest  *****
17:57:20.980 [main] INFO  testCases.TC_001_AccRegistrationTest - Clicked on MyAccount
17:57:21.020 [main] INFO  testCases.TC_001_AccRegistrationTest - Clicked on Register
17:57:21.662 [main] INFO  testCases.TC_001_AccRegistrationTest - Providing Customer Data
17:57:21.985 [main] INFO  testCases.TC_001_AccRegistrationTest - Clicked On Continue
17:57:23.563 [main] INFO  testCases.TC_001_AccRegistrationTest - Validating the Expected Message
17:57:23.565 [main] INFO  testCases.TC_001_AccRegistrationTest - Finished TC_001_AccRegTest
17:58:41.707 [main] INFO  testCases.TC_001_AccRegistrationTest - *****  Staring TC_001_AccRegTest  *****
17:58:41.725 [main] INFO  testCases.TC_001_AccRegistrationTest - Clicked on MyAccount
17:58:41.760 [main] INFO  testCases.TC_001_AccRegistrationTest - Clicked on Register
17:58:42.462 [main] INFO  testCases.TC_001_AccRegistrationTest - Providing Customer Data
17:58:42.886 [main] INFO  testCases.TC_001_AccRegistrationTest - Clicked On Continue
17:58:43.916 [main] INFO  testCases.TC_001_AccRegistrationTest - Validating the Expected Message
17:58:43.918 [main] INFO  testCases.TC_001_AccRegistrationTest - Finished TC_001_AccRegTest
18:01:24.764 [main] INFO  testCases.TC_001_AccRegistrationTest - *****  Staring TC_001_AccRegTest  *****
18:01:24.782 [main] INFO  testCases.TC_001_AccRegistrationTest - Clicked on MyAccount
18:01:24.823 [main] INFO  testCases.TC_001_AccRegistrationTest - Clicked on Register
18:01:25.437 [main] INFO  testCases.TC_001_AccRegistrationTest - Providing Customer Data
18:01:25.827 [main] INFO  testCases.TC_001_AccRegistrationTest - Clicked On Continue
18:01:27.280 [main] INFO  testCases.TC_001_AccRegistrationTest - Validating the Expected Message
18:01:27.283 [main] INFO  testCases.TC_001_AccRegistrationTest - Finished TC_001_AccRegTest
18:01:33.471 [main] INFO  testCases.TC_001_AccRegistrationTest - *****  Staring TC_001_AccRegTest  *****
18:01:33.471 [main] INFO  testCases.TC_001_AccRegistrationTest - Clicked on MyAccount
18:01:33.537 [main] INFO  testCases.TC_001_AccRegistrationTest - Clicked on Register
18:01:33.963 [main] INFO  testCases.TC_001_AccRegistrationTest - Providing Customer Data
18:01:34.277 [main] INFO  testCases.TC_001_AccRegistrationTest - Clicked On Continue
18:01:35.028 [main] INFO  testCases.TC_001_AccRegistrationTest - Validating the Expected Message
18:01:35.028 [main] INFO  testCases.TC_001_AccRegistrationTest - Finished TC_001_AccRegTest
18:02:13.321 [TestNG-tests-1] INFO  testCases.TC_001_AccRegistrationTest - *****  Staring TC_001_AccRegTest  *****
18:02:13.338 [TestNG-tests-1] INFO  testCases.TC_001_AccRegistrationTest - Clicked on MyAccount
18:02:13.384 [TestNG-tests-1] INFO  testCases.TC_001_AccRegistrationTest - Clicked on Register
18:02:13.957 [TestNG-tests-1] INFO  testCases.TC_001_AccRegistrationTest - Providing Customer Data
18:02:14.293 [TestNG-tests-1] INFO  testCases.TC_001_AccRegistrationTest - Clicked On Continue
18:02:14.313 [TestNG-tests-2] INFO  testCases.TC_001_AccRegistrationTest - *****  Staring TC_001_AccRegTest  *****
18:02:14.314 [TestNG-tests-2] INFO  testCases.TC_001_AccRegistrationTest - Clicked on MyAccount
18:02:14.371 [TestNG-tests-2] INFO  testCases.TC_001_AccRegistrationTest - Clicked on Register
18:02:14.992 [TestNG-tests-2] INFO  testCases.TC_001_AccRegistrationTest - Providing Customer Data
18:02:15.220 [TestNG-tests-1] INFO  testCases.TC_001_AccRegistrationTest - Validating the Expected Message
18:02:15.223 [TestNG-tests-1] INFO  testCases.TC_001_AccRegistrationTest - Finished TC_001_AccRegTest
18:02:15.450 [TestNG-tests-2] INFO  testCases.TC_001_AccRegistrationTest - Clicked On Continue
18:02:16.879 [TestNG-tests-2] INFO  testCases.TC_001_AccRegistrationTest - Validating the Expected Message
18:02:16.879 [TestNG-tests-2] INFO  testCases.TC_001_AccRegistrationTest - Finished TC_001_AccRegTest
18:02:35.798 [TestNG-tests-1] INFO  testCases.TC_001_AccRegistrationTest - *****  Staring TC_001_AccRegTest  *****
18:02:35.857 [TestNG-tests-1] INFO  testCases.TC_001_AccRegistrationTest - Clicked on MyAccount
18:02:35.913 [TestNG-tests-1] INFO  testCases.TC_001_AccRegistrationTest - Clicked on Register
18:02:36.320 [TestNG-tests-2] INFO  testCases.TC_001_AccRegistrationTest - *****  Staring TC_001_AccRegTest  *****
18:02:36.321 [TestNG-tests-2] INFO  testCases.TC_001_AccRegistrationTest - Clicked on MyAccount
18:02:36.365 [TestNG-tests-2] INFO  testCases.TC_001_AccRegistrationTest - Clicked on Register
18:02:36.779 [TestNG-tests-1] INFO  testCases.TC_001_AccRegistrationTest - Providing Customer Data
18:02:37.135 [TestNG-tests-2] INFO  testCases.TC_001_AccRegistrationTest - Providing Customer Data
18:02:37.222 [TestNG-tests-1] INFO  testCases.TC_001_AccRegistrationTest - Clicked On Continue
18:02:37.592 [TestNG-tests-2] INFO  testCases.TC_001_AccRegistrationTest - Clicked On Continue
18:02:38.591 [TestNG-tests-2] INFO  testCases.TC_001_AccRegistrationTest - Validating the Expected Message
18:02:38.591 [TestNG-tests-1] INFO  testCases.TC_001_AccRegistrationTest - Validating the Expected Message
18:02:38.593 [TestNG-tests-1] INFO  testCases.TC_001_AccRegistrationTest - Finished TC_001_AccRegTest
18:02:38.593 [TestNG-tests-2] INFO  testCases.TC_001_AccRegistrationTest - Finished TC_001_AccRegTest
18:04:53.178 [TestNG-tests-1] INFO  testCases.TC_001_AccRegistrationTest - *****  Staring TC_001_AccRegTest  *****
18:04:53.195 [TestNG-tests-1] INFO  testCases.TC_001_AccRegistrationTest - Clicked on MyAccount
18:04:53.239 [TestNG-tests-1] INFO  testCases.TC_001_AccRegistrationTest - Clicked on Register
18:04:53.622 [TestNG-tests-2] INFO  testCases.TC_001_AccRegistrationTest - *****  Staring TC_001_AccRegTest  *****
18:04:53.623 [TestNG-tests-2] INFO  testCases.TC_001_AccRegistrationTest - Clicked on MyAccount
18:04:53.682 [TestNG-tests-2] INFO  testCases.TC_001_AccRegistrationTest - Clicked on Register
18:04:53.917 [TestNG-tests-1] INFO  testCases.TC_001_AccRegistrationTest - Providing Customer Data
18:04:54.341 [TestNG-tests-1] INFO  testCases.TC_001_AccRegistrationTest - Clicked On Continue
18:04:54.438 [TestNG-tests-2] INFO  testCases.TC_001_AccRegistrationTest - Providing Customer Data
18:04:54.761 [TestNG-tests-2] INFO  testCases.TC_001_AccRegistrationTest - Clicked On Continue
18:04:55.355 [TestNG-tests-1] INFO  testCases.TC_001_AccRegistrationTest - Validating the Expected Message
18:04:55.358 [TestNG-tests-1] INFO  testCases.TC_001_AccRegistrationTest - Finished TC_001_AccRegTest
18:04:55.611 [TestNG-tests-2] INFO  testCases.TC_001_AccRegistrationTest - Validating the Expected Message
18:04:55.611 [TestNG-tests-2] INFO  testCases.TC_001_AccRegistrationTest - Finished TC_001_AccRegTest
18:25:00.056 [main] INFO  testCases.TC_001_AccRegistrationTest - *****  Staring TC_001_AccRegTest  *****
18:25:00.233 [main] INFO  testCases.TC_001_AccRegistrationTest - Clicked on MyAccount
18:25:00.412 [main] INFO  testCases.TC_001_AccRegistrationTest - Clicked on Register
18:25:01.093 [main] INFO  testCases.TC_001_AccRegistrationTest - Providing Customer Data
18:25:01.784 [main] INFO  testCases.TC_001_AccRegistrationTest - Clicked On Continue
18:25:02.678 [main] INFO  testCases.TC_001_AccRegistrationTest - Validating the Expected Message
18:25:02.682 [main] INFO  testCases.TC_001_AccRegistrationTest - Finished TC_001_AccRegTest
18:58:50.602 [main] INFO  testCases.TC_001_AccRegistrationTest - *****  Staring TC_001_AccRegTest  *****
18:58:50.856 [main] INFO  testCases.TC_001_AccRegistrationTest - Clicked on MyAccount
18:58:50.928 [main] INFO  testCases.TC_001_AccRegistrationTest - Clicked on Register
18:58:51.728 [main] INFO  testCases.TC_001_AccRegistrationTest - Providing Customer Data
18:58:52.593 [main] INFO  testCases.TC_001_AccRegistrationTest - Clicked On Continue
18:58:53.718 [main] INFO  testCases.TC_001_AccRegistrationTest - Validating the Expected Message
18:58:53.720 [main] INFO  testCases.TC_001_AccRegistrationTest - Finished TC_001_AccRegTest
19:00:28.922 [main] INFO  testCases.TC_001_AccRegistrationTest - *****  Staring TC_001_AccRegTest  *****
19:00:28.942 [main] INFO  testCases.TC_001_AccRegistrationTest - Clicked on MyAccount
19:00:28.986 [main] INFO  testCases.TC_001_AccRegistrationTest - Clicked on Register
19:00:29.385 [main] INFO  testCases.TC_001_AccRegistrationTest - Providing Customer Data
19:00:29.657 [main] INFO  testCases.TC_001_AccRegistrationTest - Clicked On Continue
19:00:39.827 [main] INFO  testCases.TC_001_AccRegistrationTest - Validating the Expected Message
19:02:03.604 [main] INFO  testCases.TC_001_AccRegistrationTest - *****  Staring TC_001_AccRegTest  *****
19:02:03.625 [main] INFO  testCases.TC_001_AccRegistrationTest - Clicked on MyAccount
19:02:03.676 [main] INFO  testCases.TC_001_AccRegistrationTest - Clicked on Register
19:02:04.045 [main] INFO  testCases.TC_001_AccRegistrationTest - Providing Customer Data
19:02:04.437 [main] INFO  testCases.TC_001_AccRegistrationTest - Clicked On Continue
19:02:05.277 [main] INFO  testCases.TC_001_AccRegistrationTest - Validating the Expected Message
19:02:05.280 [main] INFO  testCases.TC_001_AccRegistrationTest - Finished TC_001_AccRegTest
19:16:42.956 [main] INFO  testCases.TC_001_AccRegistrationTest - *****  Staring TC_001_AccRegTest  *****
19:16:43.021 [main] INFO  testCases.TC_001_AccRegistrationTest - Clicked on MyAccount
19:16:43.091 [main] INFO  testCases.TC_001_AccRegistrationTest - Clicked on Register
19:16:43.663 [main] INFO  testCases.TC_001_AccRegistrationTest - Providing Customer Data
19:16:44.098 [main] INFO  testCases.TC_001_AccRegistrationTest - Clicked On Continue
19:16:45.041 [main] INFO  testCases.TC_001_AccRegistrationTest - Validating the Expected Message
19:16:45.046 [main] INFO  testCases.TC_001_AccRegistrationTest - Finished TC_001_AccRegTest
18:20:56.909 [main] INFO  testCases.TC_002_LoginTest - ***** Starting TC_002_Login_Test******
18:23:56.411 [main] INFO  testCases.TC_002_LoginTest - ***** Starting TC_002_Login_Test******
18:26:50.790 [main] INFO  testCases.TC_002_LoginTest - ***** Starting TC_002_Login_Test******
18:29:12.886 [main] INFO  testCases.TC_002_LoginTest - ***** Starting TC_002_Login_Test******
18:29:14.408 [main] INFO  testCases.TC_002_LoginTest - Finished TC_002_Login_Test
18:32:19.155 [main] INFO  testCases.TC_002_LoginTest - ***** Starting TC_002_Login_Test******
18:33:10.557 [main] INFO  testCases.TC_002_LoginTest - ***** Starting TC_002_Login_Test******
18:33:11.909 [main] INFO  testCases.TC_002_LoginTest - Finished TC_002_Login_Test
12:41:28.495 [main] INFO  testCases.LoginDataDrivenTest - ****Starting Data Driven Test*****
12:41:43.278 [main] INFO  testCases.LoginDataDrivenTest - ****Starting Data Driven Test*****
12:47:35.511 [main] INFO  testCases.LoginDataDrivenTest - ****Starting Data Driven Test*****
12:47:47.944 [main] INFO  testCases.LoginDataDrivenTest - ****Starting Data Driven Test*****
12:47:58.155 [main] INFO  testCases.LoginDataDrivenTest - ****Starting Data Driven Test*****
12:48:08.476 [main] INFO  testCases.LoginDataDrivenTest - ****Starting Data Driven Test*****
12:48:18.693 [main] INFO  testCases.LoginDataDrivenTest - ****Starting Data Driven Test*****
12:48:28.901 [main] INFO  testCases.LoginDataDrivenTest - ****Starting Data Driven Test*****
12:48:39.136 [main] INFO  testCases.LoginDataDrivenTest - ****Starting Data Driven Test*****
12:48:49.360 [main] INFO  testCases.LoginDataDrivenTest - ****Starting Data Driven Test*****
12:48:59.637 [main] INFO  testCases.LoginDataDrivenTest - ****Starting Data Driven Test*****
12:49:09.913 [main] INFO  testCases.LoginDataDrivenTest - ****Starting Data Driven Test*****
12:49:20.147 [main] INFO  testCases.LoginDataDrivenTest - ****Starting Data Driven Test*****
12:49:30.397 [main] INFO  testCases.LoginDataDrivenTest - ****Starting Data Driven Test*****
12:49:40.704 [main] INFO  testCases.LoginDataDrivenTest - ****Starting Data Driven Test*****
12:49:50.910 [main] INFO  testCases.LoginDataDrivenTest - ****Starting Data Driven Test*****
12:50:01.148 [main] INFO  testCases.LoginDataDrivenTest - ****Starting Data Driven Test*****
12:50:11.370 [main] INFO  testCases.LoginDataDrivenTest - ****Starting Data Driven Test*****
12:50:21.602 [main] INFO  testCases.LoginDataDrivenTest - ****Starting Data Driven Test*****
12:50:31.839 [main] INFO  testCases.LoginDataDrivenTest - ****Starting Data Driven Test*****
12:50:42.122 [main] INFO  testCases.LoginDataDrivenTest - ****Starting Data Driven Test*****
12:50:52.335 [main] INFO  testCases.LoginDataDrivenTest - ****Starting Data Driven Test*****
12:51:02.576 [main] INFO  testCases.LoginDataDrivenTest - ****Starting Data Driven Test*****
12:51:12.823 [main] INFO  testCases.LoginDataDrivenTest - ****Starting Data Driven Test*****
12:53:41.626 [main] INFO  testCases.LoginDataDrivenTest - ****Starting Data Driven Test*****
12:53:45.839 [main] INFO  testCases.LoginDataDrivenTest - Finished Data Driven Test
12:53:45.914 [main] INFO  testCases.LoginDataDrivenTest - ****Starting Data Driven Test*****
12:53:47.190 [main] INFO  testCases.LoginDataDrivenTest - Finished Data Driven Test
12:53:47.199 [main] INFO  testCases.LoginDataDrivenTest - ****Starting Data Driven Test*****
12:53:58.742 [main] INFO  testCases.LoginDataDrivenTest - Finished Data Driven Test
12:53:58.750 [main] INFO  testCases.LoginDataDrivenTest - ****Starting Data Driven Test*****
12:54:09.653 [main] INFO  testCases.LoginDataDrivenTest - Finished Data Driven Test
12:54:09.660 [main] INFO  testCases.LoginDataDrivenTest - ****Starting Data Driven Test*****
12:54:20.710 [main] INFO  testCases.LoginDataDrivenTest - Finished Data Driven Test
12:54:20.717 [main] INFO  testCases.LoginDataDrivenTest - ****Starting Data Driven Test*****
12:54:31.448 [main] INFO  testCases.LoginDataDrivenTest - Finished Data Driven Test
12:54:31.450 [main] INFO  testCases.LoginDataDrivenTest - ****Starting Data Driven Test*****
12:54:42.147 [main] INFO  testCases.LoginDataDrivenTest - Finished Data Driven Test
12:54:42.150 [main] INFO  testCases.LoginDataDrivenTest - ****Starting Data Driven Test*****
12:54:49.214 [main] INFO  testCases.LoginDataDrivenTest - Finished Data Driven Test
12:54:49.236 [main] INFO  testCases.LoginDataDrivenTest - ****Starting Data Driven Test*****
12:59:22.713 [main] INFO  testCases.LoginDataDrivenTest - ****Starting Data Driven Test*****
12:59:26.734 [main] INFO  testCases.LoginDataDrivenTest - Finished Data Driven Test
12:59:26.848 [main] INFO  testCases.LoginDataDrivenTest - ****Starting Data Driven Test*****
12:59:28.520 [main] INFO  testCases.LoginDataDrivenTest - Finished Data Driven Test
12:59:28.526 [main] INFO  testCases.LoginDataDrivenTest - ****Starting Data Driven Test*****
12:59:39.185 [main] INFO  testCases.LoginDataDrivenTest - Finished Data Driven Test
12:59:39.193 [main] INFO  testCases.LoginDataDrivenTest - ****Starting Data Driven Test*****
12:59:49.767 [main] INFO  testCases.LoginDataDrivenTest - Finished Data Driven Test
12:59:49.769 [main] INFO  testCases.LoginDataDrivenTest - ****Starting Data Driven Test*****
13:00:00.316 [main] INFO  testCases.LoginDataDrivenTest - Finished Data Driven Test
13:00:00.319 [main] INFO  testCases.LoginDataDrivenTest - ****Starting Data Driven Test*****
13:00:10.809 [main] INFO  testCases.LoginDataDrivenTest - Finished Data Driven Test
13:00:10.812 [main] INFO  testCases.LoginDataDrivenTest - ****Starting Data Driven Test*****
13:00:21.308 [main] INFO  testCases.LoginDataDrivenTest - Finished Data Driven Test
13:00:21.314 [main] INFO  testCases.LoginDataDrivenTest - ****Starting Data Driven Test*****
13:00:31.846 [main] INFO  testCases.LoginDataDrivenTest - Finished Data Driven Test
13:00:31.852 [main] INFO  testCases.LoginDataDrivenTest - ****Starting Data Driven Test*****
13:00:42.501 [main] INFO  testCases.LoginDataDrivenTest - Finished Data Driven Test
13:00:42.505 [main] INFO  testCases.LoginDataDrivenTest - ****Starting Data Driven Test*****
13:00:52.986 [main] INFO  testCases.LoginDataDrivenTest - Finished Data Driven Test
13:00:52.988 [main] INFO  testCases.LoginDataDrivenTest - ****Starting Data Driven Test*****
13:01:03.547 [main] INFO  testCases.LoginDataDrivenTest - Finished Data Driven Test
13:01:03.552 [main] INFO  testCases.LoginDataDrivenTest - ****Starting Data Driven Test*****
13:01:14.101 [main] INFO  testCases.LoginDataDrivenTest - Finished Data Driven Test
13:01:14.104 [main] INFO  testCases.LoginDataDrivenTest - ****Starting Data Driven Test*****
13:01:24.708 [main] INFO  testCases.LoginDataDrivenTest - Finished Data Driven Test
13:01:24.710 [main] INFO  testCases.LoginDataDrivenTest - ****Starting Data Driven Test*****
13:01:30.698 [main] INFO  testCases.LoginDataDrivenTest - Finished Data Driven Test
13:01:30.702 [main] INFO  testCases.LoginDataDrivenTest - ****Starting Data Driven Test*****
13:18:21.246 [main] INFO  testCases.LoginDataDrivenTest - ****Starting Data Driven Test*****
13:18:22.968 [main] INFO  testCases.LoginDataDrivenTest - Finished Data Driven Test
13:18:22.984 [main] INFO  testCases.LoginDataDrivenTest - ****Starting Data Driven Test*****
13:18:24.270 [main] INFO  testCases.LoginDataDrivenTest - Finished Data Driven Test
13:18:24.278 [main] INFO  testCases.LoginDataDrivenTest - ****Starting Data Driven Test*****
13:18:35.127 [main] INFO  testCases.LoginDataDrivenTest - Finished Data Driven Test
13:18:35.129 [main] INFO  testCases.LoginDataDrivenTest - ****Starting Data Driven Test*****
13:18:45.783 [main] INFO  testCases.LoginDataDrivenTest - Finished Data Driven Test
13:18:45.787 [main] INFO  testCases.LoginDataDrivenTest - ****Starting Data Driven Test*****
13:18:56.349 [main] INFO  testCases.LoginDataDrivenTest - Finished Data Driven Test
13:18:56.356 [main] INFO  testCases.LoginDataDrivenTest - ****Starting Data Driven Test*****
13:19:06.847 [main] INFO  testCases.LoginDataDrivenTest - Finished Data Driven Test
13:19:06.849 [main] INFO  testCases.LoginDataDrivenTest - ****Starting Data Driven Test*****
13:19:17.593 [main] INFO  testCases.LoginDataDrivenTest - Finished Data Driven Test
13:19:17.598 [main] INFO  testCases.LoginDataDrivenTest - ****Starting Data Driven Test*****
13:19:28.458 [main] INFO  testCases.LoginDataDrivenTest - Finished Data Driven Test
13:19:28.465 [main] INFO  testCases.LoginDataDrivenTest - ****Starting Data Driven Test*****
13:19:39.014 [main] INFO  testCases.LoginDataDrivenTest - Finished Data Driven Test
13:19:39.019 [main] INFO  testCases.LoginDataDrivenTest - ****Starting Data Driven Test*****
13:19:49.530 [main] INFO  testCases.LoginDataDrivenTest - Finished Data Driven Test
13:19:49.533 [main] INFO  testCases.LoginDataDrivenTest - ****Starting Data Driven Test*****
13:20:00.127 [main] INFO  testCases.LoginDataDrivenTest - Finished Data Driven Test
13:20:00.128 [main] INFO  testCases.LoginDataDrivenTest - ****Starting Data Driven Test*****
13:20:10.620 [main] INFO  testCases.LoginDataDrivenTest - Finished Data Driven Test
13:20:10.626 [main] INFO  testCases.LoginDataDrivenTest - ****Starting Data Driven Test*****
13:20:20.711 [main] INFO  testCases.LoginDataDrivenTest - Finished Data Driven Test
13:20:20.716 [main] INFO  testCases.LoginDataDrivenTest - ****Starting Data Driven Test*****
13:32:45.972 [main] INFO  testCases.LoginDataDrivenTest - ****Starting Data Driven Test*****
13:32:47.467 [main] INFO  testCases.LoginDataDrivenTest - Finished Data Driven Test
13:32:47.481 [main] INFO  testCases.LoginDataDrivenTest - ****Starting Data Driven Test*****
13:32:48.833 [main] INFO  testCases.LoginDataDrivenTest - Finished Data Driven Test
13:32:48.839 [main] INFO  testCases.LoginDataDrivenTest - ****Starting Data Driven Test*****
13:32:59.358 [main] INFO  testCases.LoginDataDrivenTest - Finished Data Driven Test
13:32:59.362 [main] INFO  testCases.LoginDataDrivenTest - ****Starting Data Driven Test*****
13:33:10.249 [main] INFO  testCases.LoginDataDrivenTest - Finished Data Driven Test
13:33:10.257 [main] INFO  testCases.LoginDataDrivenTest - ****Starting Data Driven Test*****
13:33:21.043 [main] INFO  testCases.LoginDataDrivenTest - Finished Data Driven Test
13:33:21.050 [main] INFO  testCases.LoginDataDrivenTest - ****Starting Data Driven Test*****
13:33:35.559 [main] INFO  testCases.LoginDataDrivenTest - Finished Data Driven Test
13:33:35.564 [main] INFO  testCases.LoginDataDrivenTest - ****Starting Data Driven Test*****
13:33:46.093 [main] INFO  testCases.LoginDataDrivenTest - Finished Data Driven Test
13:33:46.097 [main] INFO  testCases.LoginDataDrivenTest - ****Starting Data Driven Test*****
13:33:56.782 [main] INFO  testCases.LoginDataDrivenTest - Finished Data Driven Test
13:33:56.789 [main] INFO  testCases.LoginDataDrivenTest - ****Starting Data Driven Test*****
13:34:07.337 [main] INFO  testCases.LoginDataDrivenTest - Finished Data Driven Test
13:34:07.341 [main] INFO  testCases.LoginDataDrivenTest - ****Starting Data Driven Test*****
13:34:17.952 [main] INFO  testCases.LoginDataDrivenTest - Finished Data Driven Test
13:34:17.957 [main] INFO  testCases.LoginDataDrivenTest - ****Starting Data Driven Test*****
13:34:23.339 [main] INFO  testCases.LoginDataDrivenTest - Finished Data Driven Test
13:34:23.346 [main] INFO  testCases.LoginDataDrivenTest - ****Starting Data Driven Test*****
13:38:27.559 [main] INFO  testCases.LoginDataDrivenTest - ****Starting Data Driven Test*****
13:38:30.050 [main] INFO  testCases.LoginDataDrivenTest - Finished Data Driven Test
13:38:30.201 [main] INFO  testCases.LoginDataDrivenTest - ****Starting Data Driven Test*****
13:38:40.946 [main] INFO  testCases.LoginDataDrivenTest - Finished Data Driven Test
13:38:40.954 [main] INFO  testCases.LoginDataDrivenTest - ****Starting Data Driven Test*****
13:38:51.566 [main] INFO  testCases.LoginDataDrivenTest - Finished Data Driven Test
13:38:51.573 [main] INFO  testCases.LoginDataDrivenTest - ****Starting Data Driven Test*****
13:39:02.288 [main] INFO  testCases.LoginDataDrivenTest - Finished Data Driven Test
13:39:02.290 [main] INFO  testCases.LoginDataDrivenTest - ****Starting Data Driven Test*****
13:39:03.489 [main] INFO  testCases.LoginDataDrivenTest - Finished Data Driven Test
13:39:03.493 [main] INFO  testCases.LoginDataDrivenTest - ****Starting Data Driven Test*****
13:39:14.058 [main] INFO  testCases.LoginDataDrivenTest - Finished Data Driven Test
13:39:14.065 [main] INFO  testCases.LoginDataDrivenTest - ****Starting Data Driven Test*****
13:39:23.494 [main] INFO  testCases.LoginDataDrivenTest - Finished Data Driven Test
13:39:23.507 [main] INFO  testCases.LoginDataDrivenTest - ****Starting Data Driven Test*****
13:54:06.385 [main] INFO  testCases.LoginDataDrivenTest - ****Starting Data Driven Test*****
13:54:09.168 [main] INFO  testCases.LoginDataDrivenTest - Finished Data Driven Test
13:54:09.219 [main] INFO  testCases.LoginDataDrivenTest - ****Starting Data Driven Test*****
13:54:19.899 [main] INFO  testCases.LoginDataDrivenTest - Finished Data Driven Test
13:54:19.907 [main] INFO  testCases.LoginDataDrivenTest - ****Starting Data Driven Test*****
13:54:30.466 [main] INFO  testCases.LoginDataDrivenTest - Finished Data Driven Test
13:54:30.467 [main] INFO  testCases.LoginDataDrivenTest - ****Starting Data Driven Test*****
13:54:40.939 [main] INFO  testCases.LoginDataDrivenTest - Finished Data Driven Test
13:54:40.944 [main] INFO  testCases.LoginDataDrivenTest - ****Starting Data Driven Test*****
13:54:42.185 [main] INFO  testCases.LoginDataDrivenTest - Finished Data Driven Test
13:54:42.188 [main] INFO  testCases.LoginDataDrivenTest - ****Starting Data Driven Test*****
13:54:52.657 [main] INFO  testCases.LoginDataDrivenTest - Finished Data Driven Test
13:54:52.661 [main] INFO  testCases.LoginDataDrivenTest - ****Starting Data Driven Test*****
13:55:03.135 [main] INFO  testCases.LoginDataDrivenTest - Finished Data Driven Test
13:55:03.141 [main] INFO  testCases.LoginDataDrivenTest - ****Starting Data Driven Test*****
13:55:13.657 [main] INFO  testCases.LoginDataDrivenTest - Finished Data Driven Test
13:55:13.660 [main] INFO  testCases.LoginDataDrivenTest - ****Starting Data Driven Test*****
13:55:24.168 [main] INFO  testCases.LoginDataDrivenTest - Finished Data Driven Test
13:55:24.172 [main] INFO  testCases.LoginDataDrivenTest - ****Starting Data Driven Test*****
13:55:34.670 [main] INFO  testCases.LoginDataDrivenTest - Finished Data Driven Test
13:55:34.676 [main] INFO  testCases.LoginDataDrivenTest - ****Starting Data Driven Test*****
13:55:45.173 [main] INFO  testCases.LoginDataDrivenTest - Finished Data Driven Test
13:55:45.174 [main] INFO  testCases.LoginDataDrivenTest - ****Starting Data Driven Test*****
13:55:55.765 [main] INFO  testCases.LoginDataDrivenTest - Finished Data Driven Test
13:55:55.768 [main] INFO  testCases.LoginDataDrivenTest - ****Starting Data Driven Test*****
13:56:06.396 [main] INFO  testCases.LoginDataDrivenTest - Finished Data Driven Test
13:56:06.403 [main] INFO  testCases.LoginDataDrivenTest - ****Starting Data Driven Test*****
13:56:17.012 [main] INFO  testCases.LoginDataDrivenTest - Finished Data Driven Test
13:56:17.015 [main] INFO  testCases.LoginDataDrivenTest - ****Starting Data Driven Test*****
13:56:27.566 [main] INFO  testCases.LoginDataDrivenTest - Finished Data Driven Test
13:56:27.572 [main] INFO  testCases.LoginDataDrivenTest - ****Starting Data Driven Test*****
13:56:38.257 [main] INFO  testCases.LoginDataDrivenTest - Finished Data Driven Test
13:56:38.259 [main] INFO  testCases.LoginDataDrivenTest - ****Starting Data Driven Test*****
13:56:48.812 [main] INFO  testCases.LoginDataDrivenTest - Finished Data Driven Test
13:56:48.817 [main] INFO  testCases.LoginDataDrivenTest - ****Starting Data Driven Test*****
13:56:59.306 [main] INFO  testCases.LoginDataDrivenTest - Finished Data Driven Test
13:56:59.310 [main] INFO  testCases.LoginDataDrivenTest - ****Starting Data Driven Test*****
13:57:09.883 [main] INFO  testCases.LoginDataDrivenTest - Finished Data Driven Test
13:57:09.888 [main] INFO  testCases.LoginDataDrivenTest - ****Starting Data Driven Test*****
13:57:20.538 [main] INFO  testCases.LoginDataDrivenTest - Finished Data Driven Test
13:57:20.542 [main] INFO  testCases.LoginDataDrivenTest - ****Starting Data Driven Test*****
13:57:31.023 [main] INFO  testCases.LoginDataDrivenTest - Finished Data Driven Test
13:57:31.025 [main] INFO  testCases.LoginDataDrivenTest - ****Starting Data Driven Test*****
13:57:40.698 [main] INFO  testCases.LoginDataDrivenTest - Finished Data Driven Test
13:57:40.702 [main] INFO  testCases.LoginDataDrivenTest - ****Starting Data Driven Test*****
14:02:36.767 [main] INFO  testCases.LoginDataDrivenTest - ****Starting Data Driven Test*****
14:02:39.792 [main] INFO  testCases.LoginDataDrivenTest - Finished Data Driven Test
14:02:39.875 [main] INFO  testCases.LoginDataDrivenTest - ****Starting Data Driven Test*****
14:02:41.520 [main] INFO  testCases.LoginDataDrivenTest - Finished Data Driven Test
14:02:41.526 [main] INFO  testCases.LoginDataDrivenTest - ****Starting Data Driven Test*****
14:02:52.074 [main] INFO  testCases.LoginDataDrivenTest - Finished Data Driven Test
14:02:52.080 [main] INFO  testCases.LoginDataDrivenTest - ****Starting Data Driven Test*****
14:03:02.693 [main] INFO  testCases.LoginDataDrivenTest - Finished Data Driven Test
14:03:02.695 [main] INFO  testCases.LoginDataDrivenTest - ****Starting Data Driven Test*****
14:03:13.213 [main] INFO  testCases.LoginDataDrivenTest - Finished Data Driven Test
14:03:13.216 [main] INFO  testCases.LoginDataDrivenTest - ****Starting Data Driven Test*****
14:03:23.743 [main] INFO  testCases.LoginDataDrivenTest - Finished Data Driven Test
14:03:23.746 [main] INFO  testCases.LoginDataDrivenTest - ****Starting Data Driven Test*****
14:03:34.245 [main] INFO  testCases.LoginDataDrivenTest - Finished Data Driven Test
14:03:34.250 [main] INFO  testCases.LoginDataDrivenTest - ****Starting Data Driven Test*****
14:03:44.755 [main] INFO  testCases.LoginDataDrivenTest - Finished Data Driven Test
14:03:44.758 [main] INFO  testCases.LoginDataDrivenTest - ****Starting Data Driven Test*****
14:03:55.292 [main] INFO  testCases.LoginDataDrivenTest - Finished Data Driven Test
14:03:55.296 [main] INFO  testCases.LoginDataDrivenTest - ****Starting Data Driven Test*****
14:04:01.908 [main] INFO  testCases.LoginDataDrivenTest - Finished Data Driven Test
14:04:01.913 [main] INFO  testCases.LoginDataDrivenTest - ****Starting Data Driven Test*****
14:04:43.380 [main] INFO  testCases.LoginDataDrivenTest - ****Starting Data Driven Test*****
14:04:44.961 [main] INFO  testCases.LoginDataDrivenTest - Finished Data Driven Test
14:04:44.978 [main] INFO  testCases.LoginDataDrivenTest - ****Starting Data Driven Test*****
14:04:46.472 [main] INFO  testCases.LoginDataDrivenTest - Finished Data Driven Test
14:04:46.477 [main] INFO  testCases.LoginDataDrivenTest - ****Starting Data Driven Test*****
14:04:57.227 [main] INFO  testCases.LoginDataDrivenTest - Finished Data Driven Test
14:04:57.230 [main] INFO  testCases.LoginDataDrivenTest - ****Starting Data Driven Test*****
14:05:07.813 [main] INFO  testCases.LoginDataDrivenTest - Finished Data Driven Test
14:05:07.817 [main] INFO  testCases.LoginDataDrivenTest - ****Starting Data Driven Test*****
14:05:18.362 [main] INFO  testCases.LoginDataDrivenTest - Finished Data Driven Test
14:05:18.364 [main] INFO  testCases.LoginDataDrivenTest - ****Starting Data Driven Test*****
14:05:28.857 [main] INFO  testCases.LoginDataDrivenTest - Finished Data Driven Test
14:05:28.864 [main] INFO  testCases.LoginDataDrivenTest - ****Starting Data Driven Test*****
14:05:38.404 [main] INFO  testCases.LoginDataDrivenTest - Finished Data Driven Test
14:05:38.410 [main] INFO  testCases.LoginDataDrivenTest - ****Starting Data Driven Test*****
14:13:21.800 [main] INFO  testCases.LoginDataDrivenTest - ****Starting Data Driven Test*****
14:13:23.880 [main] INFO  testCases.LoginDataDrivenTest - Finished Data Driven Test
14:13:23.892 [main] INFO  testCases.LoginDataDrivenTest - ****Starting Data Driven Test*****
14:13:25.569 [main] INFO  testCases.LoginDataDrivenTest - Finished Data Driven Test
14:13:25.574 [main] INFO  testCases.LoginDataDrivenTest - ****Starting Data Driven Test*****
14:13:36.273 [main] INFO  testCases.LoginDataDrivenTest - Finished Data Driven Test
14:13:36.282 [main] INFO  testCases.LoginDataDrivenTest - ****Starting Data Driven Test*****
14:13:46.945 [main] INFO  testCases.LoginDataDrivenTest - Finished Data Driven Test
14:13:46.953 [main] INFO  testCases.LoginDataDrivenTest - ****Starting Data Driven Test*****
14:13:57.562 [main] INFO  testCases.LoginDataDrivenTest - Finished Data Driven Test
14:13:57.567 [main] INFO  testCases.LoginDataDrivenTest - ****Starting Data Driven Test*****
14:14:01.607 [main] INFO  testCases.LoginDataDrivenTest - Finished Data Driven Test
14:14:01.617 [main] INFO  testCases.LoginDataDrivenTest - ****Starting Data Driven Test*****
14:14:57.589 [main] INFO  testCases.LoginDataDrivenTest - ****Starting Data Driven Test*****
14:14:59.315 [main] INFO  testCases.LoginDataDrivenTest - Finished Data Driven Test
14:14:59.330 [main] INFO  testCases.LoginDataDrivenTest - ****Starting Data Driven Test*****
14:15:00.513 [main] INFO  testCases.LoginDataDrivenTest - Finished Data Driven Test
14:15:00.518 [main] INFO  testCases.LoginDataDrivenTest - ****Starting Data Driven Test*****
14:15:11.006 [main] INFO  testCases.LoginDataDrivenTest - Finished Data Driven Test
14:15:11.009 [main] INFO  testCases.LoginDataDrivenTest - ****Starting Data Driven Test*****
14:15:21.584 [main] INFO  testCases.LoginDataDrivenTest - Finished Data Driven Test
14:15:21.591 [main] INFO  testCases.LoginDataDrivenTest - ****Starting Data Driven Test*****
14:15:32.093 [main] INFO  testCases.LoginDataDrivenTest - Finished Data Driven Test
14:15:32.096 [main] INFO  testCases.LoginDataDrivenTest - ****Starting Data Driven Test*****
14:15:42.800 [main] INFO  testCases.LoginDataDrivenTest - Finished Data Driven Test
14:15:42.802 [main] INFO  testCases.LoginDataDrivenTest - ****Starting Data Driven Test*****
14:15:53.375 [main] INFO  testCases.LoginDataDrivenTest - Finished Data Driven Test
14:15:53.382 [main] INFO  testCases.LoginDataDrivenTest - ****Starting Data Driven Test*****
14:16:03.974 [main] INFO  testCases.LoginDataDrivenTest - Finished Data Driven Test
14:16:03.976 [main] INFO  testCases.LoginDataDrivenTest - ****Starting Data Driven Test*****
14:16:14.497 [main] INFO  testCases.LoginDataDrivenTest - Finished Data Driven Test
14:16:14.499 [main] INFO  testCases.LoginDataDrivenTest - ****Starting Data Driven Test*****
14:16:24.997 [main] INFO  testCases.LoginDataDrivenTest - Finished Data Driven Test
14:16:25.000 [main] INFO  testCases.LoginDataDrivenTest - ****Starting Data Driven Test*****
14:16:35.562 [main] INFO  testCases.LoginDataDrivenTest - Finished Data Driven Test
14:16:35.568 [main] INFO  testCases.LoginDataDrivenTest - ****Starting Data Driven Test*****
14:16:46.310 [main] INFO  testCases.LoginDataDrivenTest - Finished Data Driven Test
14:16:46.316 [main] INFO  testCases.LoginDataDrivenTest - ****Starting Data Driven Test*****
14:16:56.952 [main] INFO  testCases.LoginDataDrivenTest - Finished Data Driven Test
14:16:56.955 [main] INFO  testCases.LoginDataDrivenTest - ****Starting Data Driven Test*****
14:17:07.482 [main] INFO  testCases.LoginDataDrivenTest - Finished Data Driven Test
14:17:07.484 [main] INFO  testCases.LoginDataDrivenTest - ****Starting Data Driven Test*****
14:17:18.049 [main] INFO  testCases.LoginDataDrivenTest - Finished Data Driven Test
14:17:18.055 [main] INFO  testCases.LoginDataDrivenTest - ****Starting Data Driven Test*****
14:17:28.696 [main] INFO  testCases.LoginDataDrivenTest - Finished Data Driven Test
14:17:28.700 [main] INFO  testCases.LoginDataDrivenTest - ****Starting Data Driven Test*****
14:17:39.247 [main] INFO  testCases.LoginDataDrivenTest - Finished Data Driven Test
14:17:39.248 [main] INFO  testCases.LoginDataDrivenTest - ****Starting Data Driven Test*****
14:17:49.804 [main] INFO  testCases.LoginDataDrivenTest - Finished Data Driven Test
14:17:49.809 [main] INFO  testCases.LoginDataDrivenTest - ****Starting Data Driven Test*****
14:18:00.431 [main] INFO  testCases.LoginDataDrivenTest - Finished Data Driven Test
14:18:00.433 [main] INFO  testCases.LoginDataDrivenTest - ****Starting Data Driven Test*****
14:18:10.898 [main] INFO  testCases.LoginDataDrivenTest - Finished Data Driven Test
14:18:10.900 [main] INFO  testCases.LoginDataDrivenTest - ****Starting Data Driven Test*****
14:18:21.388 [main] INFO  testCases.LoginDataDrivenTest - Finished Data Driven Test
14:18:21.390 [main] INFO  testCases.LoginDataDrivenTest - ****Starting Data Driven Test*****
14:18:31.892 [main] INFO  testCases.LoginDataDrivenTest - Finished Data Driven Test
14:18:31.893 [main] INFO  testCases.LoginDataDrivenTest - ****Starting Data Driven Test*****
14:18:42.471 [main] INFO  testCases.LoginDataDrivenTest - Finished Data Driven Test
14:18:42.473 [main] INFO  testCases.LoginDataDrivenTest - ****Starting Data Driven Test*****
14:18:53.195 [main] INFO  testCases.LoginDataDrivenTest - Finished Data Driven Test
14:18:53.197 [main] INFO  testCases.LoginDataDrivenTest - ****Starting Data Driven Test*****
14:19:04.683 [main] INFO  testCases.LoginDataDrivenTest - Finished Data Driven Test
14:19:04.685 [main] INFO  testCases.LoginDataDrivenTest - ****Starting Data Driven Test*****
14:19:15.345 [main] INFO  testCases.LoginDataDrivenTest - Finished Data Driven Test
14:19:15.347 [main] INFO  testCases.LoginDataDrivenTest - ****Starting Data Driven Test*****
14:19:16.896 [main] INFO  testCases.TC_003_LoginDataDrivenTest -  Starting TC_003_LoginDataDrivenTest 
14:19:19.797 [main] INFO  testCases.TC_003_LoginDataDrivenTest -  Finished TC_003_LoginDataDrivenTest
14:19:19.827 [main] INFO  testCases.TC_003_LoginDataDrivenTest -  Starting TC_003_LoginDataDrivenTest 
14:19:27.087 [main] INFO  testCases.LoginDataDrivenTest - Finished Data Driven Test
14:19:27.091 [main] INFO  testCases.LoginDataDrivenTest - ****Starting Data Driven Test*****
14:19:30.290 [main] INFO  testCases.TC_003_LoginDataDrivenTest -  Starting TC_003_LoginDataDrivenTest 
14:19:35.432 [main] INFO  testCases.LoginDataDrivenTest - Finished Data Driven Test
14:19:35.435 [main] INFO  testCases.LoginDataDrivenTest - ****Starting Data Driven Test*****
14:20:20.087 [main] INFO  testCases.TC_003_LoginDataDrivenTest -  Starting TC_003_LoginDataDrivenTest 
14:20:21.453 [main] INFO  testCases.TC_003_LoginDataDrivenTest -  Finished TC_003_LoginDataDrivenTest
14:20:21.464 [main] INFO  testCases.TC_003_LoginDataDrivenTest -  Starting TC_003_LoginDataDrivenTest 
14:20:31.689 [main] INFO  testCases.TC_003_LoginDataDrivenTest -  Starting TC_003_LoginDataDrivenTest 
14:20:41.923 [main] INFO  testCases.TC_003_LoginDataDrivenTest -  Starting TC_003_LoginDataDrivenTest 
14:20:52.173 [main] INFO  testCases.TC_003_LoginDataDrivenTest -  Starting TC_003_LoginDataDrivenTest 
14:21:02.497 [main] INFO  testCases.TC_003_LoginDataDrivenTest -  Starting TC_003_LoginDataDrivenTest 
14:21:12.735 [main] INFO  testCases.TC_003_LoginDataDrivenTest -  Starting TC_003_LoginDataDrivenTest 
14:21:22.993 [main] INFO  testCases.TC_003_LoginDataDrivenTest -  Starting TC_003_LoginDataDrivenTest 
14:22:09.738 [main] INFO  testCases.TC_003_LoginDataDrivenTest -  Starting TC_003_LoginDataDrivenTest 
14:22:11.066 [main] INFO  testCases.TC_003_LoginDataDrivenTest -  Finished TC_003_LoginDataDrivenTest
14:22:11.082 [main] INFO  testCases.TC_003_LoginDataDrivenTest -  Starting TC_003_LoginDataDrivenTest 
14:22:21.355 [main] INFO  testCases.TC_003_LoginDataDrivenTest -  Starting TC_003_LoginDataDrivenTest 
14:22:31.580 [main] INFO  testCases.TC_003_LoginDataDrivenTest -  Starting TC_003_LoginDataDrivenTest 
14:22:41.810 [main] INFO  testCases.TC_003_LoginDataDrivenTest -  Starting TC_003_LoginDataDrivenTest 
14:22:52.044 [main] INFO  testCases.TC_003_LoginDataDrivenTest -  Starting TC_003_LoginDataDrivenTest 
14:23:02.236 [main] INFO  testCases.TC_003_LoginDataDrivenTest -  Starting TC_003_LoginDataDrivenTest 
14:23:12.469 [main] INFO  testCases.TC_003_LoginDataDrivenTest -  Starting TC_003_LoginDataDrivenTest 
14:23:22.698 [main] INFO  testCases.TC_003_LoginDataDrivenTest -  Starting TC_003_LoginDataDrivenTest 
14:23:32.914 [main] INFO  testCases.TC_003_LoginDataDrivenTest -  Starting TC_003_LoginDataDrivenTest 
14:23:43.144 [main] INFO  testCases.TC_003_LoginDataDrivenTest -  Starting TC_003_LoginDataDrivenTest 
14:23:53.351 [main] INFO  testCases.TC_003_LoginDataDrivenTest -  Starting TC_003_LoginDataDrivenTest 
14:24:03.592 [main] INFO  testCases.TC_003_LoginDataDrivenTest -  Starting TC_003_LoginDataDrivenTest 
14:24:13.786 [main] INFO  testCases.TC_003_LoginDataDrivenTest -  Starting TC_003_LoginDataDrivenTest 
14:24:23.992 [main] INFO  testCases.TC_003_LoginDataDrivenTest -  Starting TC_003_LoginDataDrivenTest 
14:25:59.803 [main] INFO  testCases.LoginDataDrivenTest - ****Starting Data Driven Test*****
14:26:01.536 [main] INFO  testCases.LoginDataDrivenTest - Finished Data Driven Test
14:26:01.551 [main] INFO  testCases.LoginDataDrivenTest - ****Starting Data Driven Test*****
14:26:03.100 [main] INFO  testCases.LoginDataDrivenTest - Finished Data Driven Test
14:26:03.107 [main] INFO  testCases.LoginDataDrivenTest - ****Starting Data Driven Test*****
14:26:13.679 [main] INFO  testCases.LoginDataDrivenTest - Finished Data Driven Test
14:26:13.683 [main] INFO  testCases.LoginDataDrivenTest - ****Starting Data Driven Test*****
14:26:24.323 [main] INFO  testCases.LoginDataDrivenTest - Finished Data Driven Test
14:26:24.331 [main] INFO  testCases.LoginDataDrivenTest - ****Starting Data Driven Test*****
14:26:34.829 [main] INFO  testCases.LoginDataDrivenTest - Finished Data Driven Test
14:26:34.834 [main] INFO  testCases.LoginDataDrivenTest - ****Starting Data Driven Test*****
14:26:45.301 [main] INFO  testCases.LoginDataDrivenTest - Finished Data Driven Test
14:26:45.308 [main] INFO  testCases.LoginDataDrivenTest - ****Starting Data Driven Test*****
14:26:55.921 [main] INFO  testCases.LoginDataDrivenTest - Finished Data Driven Test
14:26:55.926 [main] INFO  testCases.LoginDataDrivenTest - ****Starting Data Driven Test*****
14:26:59.198 [main] INFO  testCases.LoginDataDrivenTest - Finished Data Driven Test
14:26:59.207 [main] INFO  testCases.LoginDataDrivenTest - ****Starting Data Driven Test*****
14:31:02.399 [main] INFO  testCases.LoginDataDrivenTest - ****Starting Data Driven Test*****
14:31:04.760 [main] INFO  testCases.LoginDataDrivenTest - Finished Data Driven Test
14:31:04.782 [main] INFO  testCases.LoginDataDrivenTest - ****Starting Data Driven Test*****
14:31:06.553 [main] INFO  testCases.LoginDataDrivenTest - Finished Data Driven Test
14:31:06.560 [main] INFO  testCases.LoginDataDrivenTest - ****Starting Data Driven Test*****
14:31:17.274 [main] INFO  testCases.LoginDataDrivenTest - Finished Data Driven Test
14:31:17.283 [main] INFO  testCases.LoginDataDrivenTest - ****Starting Data Driven Test*****
14:31:27.901 [main] INFO  testCases.LoginDataDrivenTest - Finished Data Driven Test
14:31:27.908 [main] INFO  testCases.LoginDataDrivenTest - ****Starting Data Driven Test*****
14:31:38.750 [main] INFO  testCases.LoginDataDrivenTest - Finished Data Driven Test
14:31:38.756 [main] INFO  testCases.LoginDataDrivenTest - ****Starting Data Driven Test*****
14:31:49.416 [main] INFO  testCases.LoginDataDrivenTest - Finished Data Driven Test
14:31:49.422 [main] INFO  testCases.LoginDataDrivenTest - ****Starting Data Driven Test*****
14:32:00.020 [main] INFO  testCases.LoginDataDrivenTest - Finished Data Driven Test
14:32:00.027 [main] INFO  testCases.LoginDataDrivenTest - ****Starting Data Driven Test*****
14:32:10.499 [main] INFO  testCases.LoginDataDrivenTest - Finished Data Driven Test
14:32:10.502 [main] INFO  testCases.LoginDataDrivenTest - ****Starting Data Driven Test*****
14:32:21.015 [main] INFO  testCases.LoginDataDrivenTest - Finished Data Driven Test
14:32:21.022 [main] INFO  testCases.LoginDataDrivenTest - ****Starting Data Driven Test*****
14:32:31.647 [main] INFO  testCases.LoginDataDrivenTest - Finished Data Driven Test
14:32:31.653 [main] INFO  testCases.LoginDataDrivenTest - ****Starting Data Driven Test*****
14:32:42.560 [main] INFO  testCases.LoginDataDrivenTest - Finished Data Driven Test
14:32:42.562 [main] INFO  testCases.LoginDataDrivenTest - ****Starting Data Driven Test*****
14:32:53.251 [main] INFO  testCases.LoginDataDrivenTest - Finished Data Driven Test
14:32:53.252 [main] INFO  testCases.LoginDataDrivenTest - ****Starting Data Driven Test*****
14:33:03.794 [main] INFO  testCases.LoginDataDrivenTest - Finished Data Driven Test
14:33:03.796 [main] INFO  testCases.LoginDataDrivenTest - ****Starting Data Driven Test*****
14:33:14.635 [main] INFO  testCases.LoginDataDrivenTest - Finished Data Driven Test
14:33:14.641 [main] INFO  testCases.LoginDataDrivenTest - ****Starting Data Driven Test*****
14:33:25.167 [main] INFO  testCases.LoginDataDrivenTest - Finished Data Driven Test
14:33:25.173 [main] INFO  testCases.LoginDataDrivenTest - ****Starting Data Driven Test*****
14:33:35.819 [main] INFO  testCases.LoginDataDrivenTest - Finished Data Driven Test
14:33:35.822 [main] INFO  testCases.LoginDataDrivenTest - ****Starting Data Driven Test*****
14:33:46.355 [main] INFO  testCases.LoginDataDrivenTest - Finished Data Driven Test
14:33:46.358 [main] INFO  testCases.LoginDataDrivenTest - ****Starting Data Driven Test*****
14:33:56.878 [main] INFO  testCases.LoginDataDrivenTest - Finished Data Driven Test
14:33:56.881 [main] INFO  testCases.LoginDataDrivenTest - ****Starting Data Driven Test*****
14:34:03.609 [main] INFO  testCases.LoginDataDrivenTest - Finished Data Driven Test
14:34:03.613 [main] INFO  testCases.LoginDataDrivenTest - ****Starting Data Driven Test*****
14:38:24.836 [main] INFO  testCases.LoginDataDrivenTest - ****Starting Data Driven Test*****
14:38:26.973 [main] INFO  testCases.LoginDataDrivenTest - Finished Data Driven Test
14:38:27.021 [main] INFO  testCases.LoginDataDrivenTest - ****Starting Data Driven Test*****
14:38:28.527 [main] INFO  testCases.LoginDataDrivenTest - Finished Data Driven Test
14:38:28.535 [main] INFO  testCases.LoginDataDrivenTest - ****Starting Data Driven Test*****
14:38:39.071 [main] INFO  testCases.LoginDataDrivenTest - Finished Data Driven Test
14:38:39.075 [main] INFO  testCases.LoginDataDrivenTest - ****Starting Data Driven Test*****
14:38:49.725 [main] INFO  testCases.LoginDataDrivenTest - Finished Data Driven Test
14:38:49.731 [main] INFO  testCases.LoginDataDrivenTest - ****Starting Data Driven Test*****
14:39:00.280 [main] INFO  testCases.LoginDataDrivenTest - Finished Data Driven Test
14:39:00.286 [main] INFO  testCases.LoginDataDrivenTest - ****Starting Data Driven Test*****
14:39:10.816 [main] INFO  testCases.LoginDataDrivenTest - Finished Data Driven Test
14:39:10.818 [main] INFO  testCases.LoginDataDrivenTest - ****Starting Data Driven Test*****
14:39:21.396 [main] INFO  testCases.LoginDataDrivenTest - Finished Data Driven Test
14:39:21.399 [main] INFO  testCases.LoginDataDrivenTest - ****Starting Data Driven Test*****
14:39:31.410 [main] INFO  testCases.LoginDataDrivenTest - Finished Data Driven Test
14:39:31.415 [main] INFO  testCases.LoginDataDrivenTest - ****Starting Data Driven Test*****
14:44:42.296 [main] INFO  testCases.LoginDataDrivenTest - ****Starting Data Driven Test*****
14:44:44.655 [main] INFO  testCases.LoginDataDrivenTest - Finished Data Driven Test
14:44:44.674 [main] INFO  testCases.LoginDataDrivenTest - ****Starting Data Driven Test*****
14:44:46.689 [main] INFO  testCases.LoginDataDrivenTest - Finished Data Driven Test
14:44:46.693 [main] INFO  testCases.LoginDataDrivenTest - ****Starting Data Driven Test*****
14:44:57.225 [main] INFO  testCases.LoginDataDrivenTest - Finished Data Driven Test
14:44:57.228 [main] INFO  testCases.LoginDataDrivenTest - ****Starting Data Driven Test*****
14:45:07.773 [main] INFO  testCases.LoginDataDrivenTest - Finished Data Driven Test
14:45:07.779 [main] INFO  testCases.LoginDataDrivenTest - ****Starting Data Driven Test*****
14:45:18.349 [main] INFO  testCases.LoginDataDrivenTest - Finished Data Driven Test
14:45:18.351 [main] INFO  testCases.LoginDataDrivenTest - ****Starting Data Driven Test*****
14:45:22.134 [main] INFO  testCases.LoginDataDrivenTest - Finished Data Driven Test
14:45:22.137 [main] INFO  testCases.LoginDataDrivenTest - ****Starting Data Driven Test*****
14:48:07.005 [main] INFO  testCases.LoginDataDrivenTest - ****Starting Data Driven Test*****
14:48:08.393 [main] INFO  testCases.LoginDataDrivenTest - Finished Data Driven Test
14:48:08.407 [main] INFO  testCases.LoginDataDrivenTest - ****Starting Data Driven Test*****
14:48:09.676 [main] INFO  testCases.LoginDataDrivenTest - Finished Data Driven Test
14:48:09.679 [main] INFO  testCases.LoginDataDrivenTest - ****Starting Data Driven Test*****
14:48:20.273 [main] INFO  testCases.LoginDataDrivenTest - Finished Data Driven Test
14:48:20.278 [main] INFO  testCases.LoginDataDrivenTest - ****Starting Data Driven Test*****
14:48:30.865 [main] INFO  testCases.LoginDataDrivenTest - Finished Data Driven Test
14:48:30.870 [main] INFO  testCases.LoginDataDrivenTest - ****Starting Data Driven Test*****
14:48:41.407 [main] INFO  testCases.LoginDataDrivenTest - Finished Data Driven Test
